0 info it worked if it ends with ok
1 verbose cli [ 'C:\\Program Files\\nodejs\\node.exe',
1 verbose cli   'C:\\Users\\ABHIMANYU SINGH KASH\\AppData\\Roaming\\npm\\node_modules\\npm\\bin\\npm-cli.js',
1 verbose cli   'install',
1 verbose cli   '--save' ]
2 info using npm@4.1.2
3 info using node@v4.4.5
4 silly loadCurrentTree Starting
5 silly install loadCurrentTree
6 silly install readLocalPackageData
7 silly install normalizeTree
8 silly loadCurrentTree Finishing
9 silly loadIdealTree Starting
10 silly install loadIdealTree
11 silly cloneCurrentTree Starting
12 silly install cloneCurrentTreeToIdealTree
13 silly cloneCurrentTree Finishing
14 silly loadShrinkwrap Starting
15 silly install loadShrinkwrap
16 silly loadShrinkwrap Finishing
17 silly loadAllDepsIntoIdealTree Starting
18 silly install loadAllDepsIntoIdealTree
19 silly fetchNamedPackageData cors
20 silly mapToRegistry name cors
21 silly mapToRegistry using default registry
22 silly mapToRegistry registry https://registry.npmjs.org/
23 silly mapToRegistry data Result {
23 silly mapToRegistry   raw: 'cors',
23 silly mapToRegistry   scope: null,
23 silly mapToRegistry   escapedName: 'cors',
23 silly mapToRegistry   name: 'cors',
23 silly mapToRegistry   rawSpec: '',
23 silly mapToRegistry   spec: 'latest',
23 silly mapToRegistry   type: 'tag' }
24 silly mapToRegistry uri https://registry.npmjs.org/cors
25 verbose request uri https://registry.npmjs.org/cors
26 verbose request no auth needed
27 info attempt registry request try #1 at 10:29:50 AM
28 verbose request id a64a5ab246831837
29 http request GET https://registry.npmjs.org/cors
30 info retry will retry, error on last attempt: Error: tunneling socket could not be established, cause=connect ECONNREFUSED 172.16.28.10:3128
31 info attempt registry request try #2 at 10:30:11 AM
32 http request GET https://registry.npmjs.org/cors
33 info retry will retry, error on last attempt: Error: tunneling socket could not be established, cause=connect ETIMEDOUT 172.16.28.10:3128
34 info attempt registry request try #3 at 10:31:28 AM
35 http request GET https://registry.npmjs.org/cors
36 silly fetchPackageMetaData Error: tunneling socket could not be established, cause=connect ETIMEDOUT 172.16.28.10:3128
36 silly fetchPackageMetaData     at ClientRequest.onError (C:\Users\ABHIMANYU SINGH KASH\AppData\Roaming\npm\node_modules\npm\node_modules\request\node_modules\tunnel-agent\index.js:176:17)
36 silly fetchPackageMetaData     at ClientRequest.g (events.js:260:16)
36 silly fetchPackageMetaData     at emitOne (events.js:77:13)
36 silly fetchPackageMetaData     at ClientRequest.emit (events.js:169:7)
36 silly fetchPackageMetaData     at Socket.socketErrorListener (_http_client.js:267:9)
36 silly fetchPackageMetaData     at emitOne (events.js:77:13)
36 silly fetchPackageMetaData     at Socket.emit (events.js:169:7)
36 silly fetchPackageMetaData     at emitErrorNT (net.js:1253:8)
36 silly fetchPackageMetaData     at nextTickCallbackWith2Args (node.js:442:9)
36 silly fetchPackageMetaData     at process._tickCallback (node.js:356:17)
36 silly fetchPackageMetaData  error for cors@^2.8.0 { [Error: tunneling socket could not be established, cause=connect ETIMEDOUT 172.16.28.10:3128] code: 'ECONNRESET' }
37 silly rollbackFailedOptional Starting
38 silly rollbackFailedOptional Finishing
39 silly runTopLevelLifecycles Finishing
40 silly install printInstalled
41 verbose stack Error: tunneling socket could not be established, cause=connect ETIMEDOUT 172.16.28.10:3128
41 verbose stack     at ClientRequest.onError (C:\Users\ABHIMANYU SINGH KASH\AppData\Roaming\npm\node_modules\npm\node_modules\request\node_modules\tunnel-agent\index.js:176:17)
41 verbose stack     at ClientRequest.g (events.js:260:16)
41 verbose stack     at emitOne (events.js:77:13)
41 verbose stack     at ClientRequest.emit (events.js:169:7)
41 verbose stack     at Socket.socketErrorListener (_http_client.js:267:9)
41 verbose stack     at emitOne (events.js:77:13)
41 verbose stack     at Socket.emit (events.js:169:7)
41 verbose stack     at emitErrorNT (net.js:1253:8)
41 verbose stack     at nextTickCallbackWith2Args (node.js:442:9)
41 verbose stack     at process._tickCallback (node.js:356:17)
42 verbose cwd E:\Angular material app\vioti
43 error Windows_NT 10.0.14393
44 error argv "C:\\Program Files\\nodejs\\node.exe" "C:\\Users\\ABHIMANYU SINGH KASH\\AppData\\Roaming\\npm\\node_modules\\npm\\bin\\npm-cli.js" "install" "--save"
45 error node v4.4.5
46 error npm  v4.1.2
47 error code ECONNRESET
48 error network tunneling socket could not be established, cause=connect ETIMEDOUT 172.16.28.10:3128
49 error network This is most likely not a problem with npm itself
49 error network and is related to network connectivity.
49 error network In most cases you are behind a proxy or have bad network settings.
49 error network
49 error network If you are behind a proxy, please make sure that the
49 error network 'proxy' config is set properly.  See: 'npm help config'
50 verbose exit [ 1, true ]
